[2026-03-03 08:07:07Z INFO HostContext] No proxy settings were found based on environmental variables (http_proxy/https_proxy/HTTP_PROXY/HTTPS_PROXY)
[2026-03-03 08:07:07Z INFO HostContext] Well known directory 'Bin': 'C:\Users\farzalino.heryadi\conjur-policies\actions-runner\bin'
[2026-03-03 08:07:07Z INFO HostContext] Well known directory 'Root': 'C:\Users\farzalino.heryadi\conjur-policies\actions-runner'
[2026-03-03 08:07:07Z INFO HostContext] Well known config file 'Credentials': 'C:\Users\farzalino.heryadi\conjur-policies\actions-runner\.credentials'
[2026-03-03 08:07:08Z INFO HostContext] Well known directory 'Bin': 'C:\Users\farzalino.heryadi\conjur-policies\actions-runner\bin'
[2026-03-03 08:07:08Z INFO HostContext] Well known directory 'Root': 'C:\Users\farzalino.heryadi\conjur-policies\actions-runner'
[2026-03-03 08:07:08Z INFO HostContext] Well known config file 'Runner': 'C:\Users\farzalino.heryadi\conjur-policies\actions-runner\.runner'
[2026-03-03 08:07:08Z INFO Listener] Runner is built for Windows (X64) - win-x64.
[2026-03-03 08:07:08Z INFO Listener] RuntimeInformation: Microsoft Windows 10.0.26200.
[2026-03-03 08:07:08Z INFO Listener] Version: 2.332.0
[2026-03-03 08:07:08Z INFO Listener] Commit: a153d802ff96c51ac1b8d72dd8a38ebe830398fc
[2026-03-03 08:07:08Z INFO Listener] Culture: en-US
[2026-03-03 08:07:08Z INFO Listener] UI Culture: en-US
[2026-03-03 08:07:08Z INFO HostContext] Well known directory 'Bin': 'C:\Users\farzalino.heryadi\conjur-policies\actions-runner\bin'
[2026-03-03 08:07:08Z INFO HostContext] Well known directory 'Root': 'C:\Users\farzalino.heryadi\conjur-policies\actions-runner'
[2026-03-03 08:07:08Z INFO Listener] Validating directory permissions for: 'C:\Users\farzalino.heryadi\conjur-policies\actions-runner'
[2026-03-03 08:07:08Z INFO CommandLineParser] Parse
[2026-03-03 08:07:08Z INFO CommandLineParser] Parsing 1 args
[2026-03-03 08:07:08Z INFO CommandLineParser] parsing argument
[2026-03-03 08:07:08Z INFO CommandLineParser] HasArgs: False
[2026-03-03 08:07:08Z INFO CommandLineParser] Adding Command: run
[2026-03-03 08:07:08Z INFO Listener] Arguments parsed
[2026-03-03 08:07:08Z INFO Runner] ExecuteCommand
[2026-03-03 08:07:08Z INFO ConfigurationStore] currentAssemblyLocation: C:\Users\farzalino.heryadi\conjur-policies\actions-runner\bin\Runner.Listener.dll
[2026-03-03 08:07:08Z INFO HostContext] Well known directory 'Bin': 'C:\Users\farzalino.heryadi\conjur-policies\actions-runner\bin'
[2026-03-03 08:07:08Z INFO ConfigurationStore] binPath: C:\Users\farzalino.heryadi\conjur-policies\actions-runner\bin
[2026-03-03 08:07:08Z INFO HostContext] Well known directory 'Bin': 'C:\Users\farzalino.heryadi\conjur-policies\actions-runner\bin'
[2026-03-03 08:07:08Z INFO HostContext] Well known directory 'Root': 'C:\Users\farzalino.heryadi\conjur-policies\actions-runner'
[2026-03-03 08:07:08Z INFO ConfigurationStore] RootFolder: C:\Users\farzalino.heryadi\conjur-policies\actions-runner
[2026-03-03 08:07:08Z INFO HostContext] Well known directory 'Bin': 'C:\Users\farzalino.heryadi\conjur-policies\actions-runner\bin'
[2026-03-03 08:07:08Z INFO HostContext] Well known directory 'Root': 'C:\Users\farzalino.heryadi\conjur-policies\actions-runner'
[2026-03-03 08:07:08Z INFO HostContext] Well known config file 'Runner': 'C:\Users\farzalino.heryadi\conjur-policies\actions-runner\.runner'
[2026-03-03 08:07:08Z INFO ConfigurationStore] ConfigFilePath: C:\Users\farzalino.heryadi\conjur-policies\actions-runner\.runner
[2026-03-03 08:07:08Z INFO HostContext] Well known directory 'Bin': 'C:\Users\farzalino.heryadi\conjur-policies\actions-runner\bin'
[2026-03-03 08:07:08Z INFO HostContext] Well known directory 'Root': 'C:\Users\farzalino.heryadi\conjur-policies\actions-runner'
[2026-03-03 08:07:08Z INFO HostContext] Well known config file 'MigratedRunner': 'C:\Users\farzalino.heryadi\conjur-policies\actions-runner\.runner_migrated'
[2026-03-03 08:07:08Z INFO ConfigurationStore] MigratedConfigFilePath: C:\Users\farzalino.heryadi\conjur-policies\actions-runner\.runner_migrated
[2026-03-03 08:07:08Z INFO HostContext] Well known directory 'Bin': 'C:\Users\farzalino.heryadi\conjur-policies\actions-runner\bin'
[2026-03-03 08:07:08Z INFO HostContext] Well known directory 'Root': 'C:\Users\farzalino.heryadi\conjur-policies\actions-runner'
[2026-03-03 08:07:08Z INFO HostContext] Well known config file 'Credentials': 'C:\Users\farzalino.heryadi\conjur-policies\actions-runner\.credentials'
[2026-03-03 08:07:08Z INFO ConfigurationStore] CredFilePath: C:\Users\farzalino.heryadi\conjur-policies\actions-runner\.credentials
[2026-03-03 08:07:08Z INFO HostContext] Well known directory 'Bin': 'C:\Users\farzalino.heryadi\conjur-policies\actions-runner\bin'
[2026-03-03 08:07:08Z INFO HostContext] Well known directory 'Root': 'C:\Users\farzalino.heryadi\conjur-policies\actions-runner'
[2026-03-03 08:07:08Z INFO HostContext] Well known config file 'MigratedCredentials': 'C:\Users\farzalino.heryadi\conjur-policies\actions-runner\.credentials_migrated'
[2026-03-03 08:07:08Z INFO ConfigurationStore] MigratedCredFilePath: C:\Users\farzalino.heryadi\conjur-policies\actions-runner\.credentials_migrated
[2026-03-03 08:07:08Z INFO HostContext] Well known directory 'Bin': 'C:\Users\farzalino.heryadi\conjur-policies\actions-runner\bin'
[2026-03-03 08:07:08Z INFO HostContext] Well known directory 'Root': 'C:\Users\farzalino.heryadi\conjur-policies\actions-runner'
[2026-03-03 08:07:08Z INFO HostContext] Well known config file 'Service': 'C:\Users\farzalino.heryadi\conjur-policies\actions-runner\.service'
[2026-03-03 08:07:08Z INFO ConfigurationStore] ServiceConfigFilePath: C:\Users\farzalino.heryadi\conjur-policies\actions-runner\.service
[2026-03-03 08:07:08Z INFO CommandSettings] Flag 'help': 'False'
[2026-03-03 08:07:08Z INFO CommandSettings] Flag 'version': 'False'
[2026-03-03 08:07:08Z INFO CommandSettings] Flag 'commit': 'False'
[2026-03-03 08:07:08Z INFO CommandSettings] Flag 'check': 'False'
[2026-03-03 08:07:08Z INFO CommandSettings] Command 'configure': 'False'
[2026-03-03 08:07:08Z INFO CommandSettings] Command 'remove': 'False'
[2026-03-03 08:07:08Z INFO CommandSettings] Command 'warmup': 'False'
[2026-03-03 08:07:08Z INFO ConfigurationManager] LoadSettings
[2026-03-03 08:07:08Z INFO ConfigurationStore] IsConfigured()
[2026-03-03 08:07:08Z INFO ConfigurationStore] IsConfigured: True
[2026-03-03 08:07:08Z INFO ConfigurationManager] Is configured: True
[2026-03-03 08:07:08Z INFO ConfigurationStore] Read setting file: 397 chars
[2026-03-03 08:07:08Z INFO ConfigurationManager] Settings Loaded
[2026-03-03 08:07:08Z INFO ConfigurationStore] IsServiceConfigured()
[2026-03-03 08:07:08Z INFO ConfigurationStore] IsServiceConfigured: False
[2026-03-03 08:07:08Z INFO CommandSettings] Command 'run': 'True'
[2026-03-03 08:07:08Z INFO ConfigurationStore] IsConfigured()
[2026-03-03 08:07:08Z INFO ConfigurationStore] IsConfigured: True
[2026-03-03 08:07:08Z INFO ConfigurationManager] Is configured: True
[2026-03-03 08:07:08Z INFO Runner] Could not parse the argument value '' for StartupType. Defaulting to Manual
[2026-03-03 08:07:08Z INFO Runner] Set runner startup type - Manual
[2026-03-03 08:07:08Z INFO CommandSettings] Flag 'once': 'False'
[2026-03-03 08:07:08Z INFO CommandSettings] Flag 'once': 'False'
[2026-03-03 08:07:08Z INFO Runner] RunAsync
[2026-03-03 08:07:08Z INFO HostContext] Well known directory 'Bin': 'C:\Users\farzalino.heryadi\conjur-policies\actions-runner\bin'
[2026-03-03 08:07:08Z INFO HostContext] Well known directory 'Root': 'C:\Users\farzalino.heryadi\conjur-policies\actions-runner'
[2026-03-03 08:07:08Z INFO HostContext] Well known directory 'Work': 'C:\Users\farzalino.heryadi\conjur-policies\actions-runner\_work'
[2026-03-03 08:07:08Z INFO Runner] Validating directory permissions for: 'C:\Users\farzalino.heryadi\conjur-policies\actions-runner\_work'
[2026-03-03 08:07:08Z INFO ConfigurationManager] LoadMigratedSettings
[2026-03-03 08:07:08Z INFO ConfigurationStore] IsMigratedConfigured()
[2026-03-03 08:07:08Z INFO ConfigurationStore] IsMigratedConfigured: False
[2026-03-03 08:07:08Z INFO Runner] Failed to load migrated settings: No migrated configuration found.
[2026-03-03 08:07:08Z INFO Runner] Falling back to original .runner settings
[2026-03-03 08:07:08Z INFO Runner] Using BrokerMessageListener
[2026-03-03 08:07:08Z INFO BrokerMessageListener] Using provided settings
[2026-03-03 08:07:08Z INFO BrokerMessageListener] {
  "AgentId": 2,
  "AgentName": "VISTA-FH",
  "PoolId": 1,
  "PoolName": "Default",
  "ServerUrl": "https://pipelinesghubeus7.actions.githubusercontent.com/xKEGiByYVoEIDEEczGhqgp76wCv1irkXzFMZgMB2uDQN85kL3b/",
  "GitHubUrl": "https://github.com/farzaliano/conjur-policies",
  "WorkFolder": "_work",
  "UseV2Flow": true,
  "ServerUrlV2": "https://broker.actions.githubusercontent.com/"
}
[2026-03-03 08:07:08Z INFO BrokerMessageListener] Loading Credentials
[2026-03-03 08:07:08Z INFO ConfigurationStore] HasCredentials()
[2026-03-03 08:07:08Z INFO ConfigurationStore] stored True
[2026-03-03 08:07:08Z INFO CredentialManager] GetCredentialProvider
[2026-03-03 08:07:08Z INFO CredentialManager] Creating type OAuth
[2026-03-03 08:07:08Z INFO CredentialManager] Creating credential type: OAuth
[2026-03-03 08:07:08Z INFO HostContext] Well known directory 'Bin': 'C:\Users\farzalino.heryadi\conjur-policies\actions-runner\bin'
[2026-03-03 08:07:08Z INFO HostContext] Well known directory 'Root': 'C:\Users\farzalino.heryadi\conjur-policies\actions-runner'
[2026-03-03 08:07:08Z INFO HostContext] Well known config file 'RSACredentials': 'C:\Users\farzalino.heryadi\conjur-policies\actions-runner\.credentials_rsaparams'
[2026-03-03 08:07:08Z INFO RSAEncryptedFileKeyManager] Loading RSA key parameters from file C:\Users\farzalino.heryadi\conjur-policies\actions-runner\.credentials_rsaparams
[2026-03-03 08:07:08Z INFO BrokerMessageListener] Attempt to create session.
[2026-03-03 08:07:08Z INFO BrokerMessageListener] Connecting to the Broker Server...
[2026-03-03 08:07:08Z INFO ConfigurationStore] HasCredentials()
[2026-03-03 08:07:08Z INFO ConfigurationStore] stored True
[2026-03-03 08:07:08Z INFO CredentialManager] GetCredentialProvider
[2026-03-03 08:07:08Z INFO CredentialManager] Creating type OAuth
[2026-03-03 08:07:08Z INFO CredentialManager] Creating credential type: OAuth
[2026-03-03 08:07:08Z INFO RSAEncryptedFileKeyManager] Loading RSA key parameters from file C:\Users\farzalino.heryadi\conjur-policies\actions-runner\.credentials_rsaparams
[2026-03-03 08:07:08Z INFO BrokerMessageListener] VssConnection created
[2026-03-03 08:07:08Z INFO BrokerMessageListener] Connecting to the Runner server...
[2026-03-03 08:07:08Z INFO RunnerServer] EstablishVssConnection
[2026-03-03 08:07:08Z INFO RunnerServer] Establish connection with 100 seconds timeout.
[2026-03-03 08:07:08Z INFO GitHubActionsService] Starting operation Location.GetConnectionData
[2026-03-03 08:07:08Z INFO RunnerServer] EstablishVssConnection
[2026-03-03 08:07:08Z INFO RunnerServer] Establish connection with 60 seconds timeout.
[2026-03-03 08:07:08Z INFO GitHubActionsService] Starting operation Location.GetConnectionData
[2026-03-03 08:07:08Z INFO RunnerServer] EstablishVssConnection
[2026-03-03 08:07:08Z INFO RunnerServer] Establish connection with 60 seconds timeout.
[2026-03-03 08:07:08Z INFO GitHubActionsService] Starting operation Location.GetConnectionData
[2026-03-03 08:07:09Z INFO GitHubActionsService] Finished operation Location.GetConnectionData
[2026-03-03 08:07:09Z INFO GitHubActionsService] Finished operation Location.GetConnectionData
[2026-03-03 08:07:09Z INFO GitHubActionsService] Finished operation Location.GetConnectionData
[2026-03-03 08:07:09Z INFO BrokerMessageListener] VssConnection created
[2026-03-03 08:07:09Z INFO Terminal] WRITE LINE: 
[2026-03-03 08:07:09Z INFO Terminal] WRITE LINE: 
[2026-03-03 08:07:09Z INFO RSAEncryptedFileKeyManager] Loading RSA key parameters from file C:\Users\farzalino.heryadi\conjur-policies\actions-runner\.credentials_rsaparams
[2026-03-03 08:07:09Z INFO RSAEncryptedFileKeyManager] Loading RSA key parameters from file C:\Users\farzalino.heryadi\conjur-policies\actions-runner\.credentials_rsaparams
[2026-03-03 08:07:10Z INFO GitHubActionsService] AAD Correlation ID for this token request: Unknown
[2026-03-03 08:07:11Z INFO BrokerMessageListener] Session created.
[2026-03-03 08:07:11Z INFO Terminal] WRITE LINE: Current runner version: '2.332.0'
[2026-03-03 08:07:11Z INFO Terminal] WRITE LINE: 2026-03-03 08:07:11Z: Listening for Jobs
[2026-03-03 08:07:11Z INFO JobDispatcher] Set runner/worker IPC timeout to 30 seconds.
[2026-03-03 08:07:11Z INFO BrokerMessageListener] Acknowledging runner request 'cd5d63b0-ab07-5e1a-9285-fb252794e6de'.
[2026-03-03 08:07:12Z INFO ConfigurationStore] HasCredentials()
[2026-03-03 08:07:12Z INFO ConfigurationStore] stored True
[2026-03-03 08:07:12Z INFO CredentialManager] GetCredentialProvider
[2026-03-03 08:07:12Z INFO CredentialManager] Creating type OAuth
[2026-03-03 08:07:12Z INFO CredentialManager] Creating credential type: OAuth
[2026-03-03 08:07:12Z INFO RSAEncryptedFileKeyManager] Loading RSA key parameters from file C:\Users\farzalino.heryadi\conjur-policies\actions-runner\.credentials_rsaparams
[2026-03-03 08:07:12Z INFO RSAEncryptedFileKeyManager] Loading RSA key parameters from file C:\Users\farzalino.heryadi\conjur-policies\actions-runner\.credentials_rsaparams
[2026-03-03 08:07:12Z INFO RSAEncryptedFileKeyManager] Loading RSA key parameters from file C:\Users\farzalino.heryadi\conjur-policies\actions-runner\.credentials_rsaparams
[2026-03-03 08:07:13Z INFO GitHubActionsService] AAD Correlation ID for this token request: Unknown
[2026-03-03 08:07:15Z INFO JobDispatcher] Job request 0 for plan 1af34341-5826-4b50-808f-6f49a264cf3b job cd5d63b0-ab07-5e1a-9285-fb252794e6de received.
[2026-03-03 08:07:15Z INFO JobDispatcher] Pull OrchestrationId 1af34341-5826-4b50-808f-6f49a264cf3b.test.__default from JWT claims
[2026-03-03 08:07:15Z INFO BrokerMessageListener] Received job status event. JobState: Busy
[2026-03-03 08:07:15Z INFO BrokerMessageListener] _getMessagesTokenSource is already disposed.
[2026-03-03 08:07:15Z INFO Terminal] WRITE LINE: 2026-03-03 08:07:15Z: Running job: test
[2026-03-03 08:07:15Z INFO JobDispatcher] Start renew job request 0 for job cd5d63b0-ab07-5e1a-9285-fb252794e6de.
[2026-03-03 08:07:15Z INFO JobDispatcher] Successfully renew job cd5d63b0-ab07-5e1a-9285-fb252794e6de, job is valid till 3/3/2026 8:17:17 AM
[2026-03-03 08:07:15Z INFO HostContext] Well known directory 'Bin': 'C:\Users\farzalino.heryadi\conjur-policies\actions-runner\bin'
[2026-03-03 08:07:15Z INFO ProcessInvokerWrapper] Starting process:
[2026-03-03 08:07:15Z INFO ProcessInvokerWrapper]   File name: 'C:\Users\farzalino.heryadi\conjur-policies\actions-runner\bin\Runner.Worker.exe'
[2026-03-03 08:07:15Z INFO ProcessInvokerWrapper]   Arguments: 'spawnclient 2248 2256'
[2026-03-03 08:07:15Z INFO ProcessInvokerWrapper]   Working directory: 'C:\Users\farzalino.heryadi\conjur-policies\actions-runner\bin'
[2026-03-03 08:07:15Z INFO ProcessInvokerWrapper]   Require exit code zero: 'False'
[2026-03-03 08:07:15Z INFO ProcessInvokerWrapper]   Encoding web name:  ; code page: ''
[2026-03-03 08:07:15Z INFO ProcessInvokerWrapper]   Force kill process on cancellation: 'True'
[2026-03-03 08:07:15Z INFO ProcessInvokerWrapper]   Redirected STDIN: 'False'
[2026-03-03 08:07:15Z INFO ProcessInvokerWrapper]   Persist current code page: 'False'
[2026-03-03 08:07:15Z INFO ProcessInvokerWrapper]   Keep redirected STDIN open: 'False'
[2026-03-03 08:07:15Z INFO ProcessInvokerWrapper]   High priority process: 'True'
[2026-03-03 08:07:15Z INFO ProcessInvokerWrapper] Process started with process id 30004, waiting for process exit.
[2026-03-03 08:07:15Z INFO JobDispatcher] Send job request message to worker for job cd5d63b0-ab07-5e1a-9285-fb252794e6de.
[2026-03-03 08:07:15Z INFO ProcessChannel] Sending message of length 22914, with hash '70c5b155a53ae5b1546d8fa5ab01407fcaefea085df5793264f5c907f7ac903c'
[2026-03-03 08:07:16Z INFO JobNotification] Entering JobStarted Notification
[2026-03-03 08:07:16Z INFO JobNotification] Entering StartMonitor
[2026-03-03 08:07:28Z INFO ProcessInvokerWrapper] STDOUT/STDERR stream read finished.
[2026-03-03 08:07:28Z INFO ProcessInvokerWrapper] STDOUT/STDERR stream read finished.
[2026-03-03 08:07:28Z INFO ProcessInvokerWrapper] Finished process 30004 with exit code 102, and elapsed time 00:00:12.4874157.
[2026-03-03 08:07:28Z INFO JobDispatcher] Worker finished for job cd5d63b0-ab07-5e1a-9285-fb252794e6de. Code: 102
[2026-03-03 08:07:28Z INFO JobDispatcher] finish job request for job cd5d63b0-ab07-5e1a-9285-fb252794e6de with result: Failed
[2026-03-03 08:07:28Z INFO Terminal] WRITE LINE: 2026-03-03 08:07:28Z: Job test completed with result: Failed
[2026-03-03 08:07:28Z INFO JobDispatcher] Stop renew job request for job cd5d63b0-ab07-5e1a-9285-fb252794e6de.
[2026-03-03 08:07:28Z INFO JobDispatcher] job renew has been cancelled, stop renew job cd5d63b0-ab07-5e1a-9285-fb252794e6de.
[2026-03-03 08:07:28Z INFO JobNotification] Entering JobCompleted Notification
[2026-03-03 08:07:28Z INFO JobNotification] Entering EndMonitor
[2026-03-03 08:07:28Z INFO BrokerMessageListener] Received job status event. JobState: Online
[2026-03-03 08:07:28Z WARN GitHubActionsService] GET request to https://broker.actions.githubusercontent.com/message?sessionId=c36e3b78-0453-486c-8592-63abc37759f1&status=Busy&runnerVersion=2.332.0&os=Windows&architecture=X64&disableUpdate=false has been cancelled.
[2026-03-03 08:07:28Z ERR  BrokerServer] Catch exception during request
[2026-03-03 08:07:28Z ERR  BrokerServer] System.Threading.Tasks.TaskCanceledException: The operation was canceled.
 ---> System.Threading.Tasks.TaskCanceledException: The operation was canceled.
 ---> System.IO.IOException: Unable to read data from the transport connection: The I/O operation has been aborted because of either a thread exit or an application request..
 ---> System.Net.Sockets.SocketException (995): The I/O operation has been aborted because of either a thread exit or an application request.
   --- End of inner exception stack trace ---
   at System.Net.Sockets.Socket.AwaitableSocketAsyncEventArgs.ThrowException(SocketError error, CancellationToken cancellationToken)
   at System.Net.Sockets.Socket.AwaitableSocketAsyncEventArgs.System.Threading.Tasks.Sources.IValueTaskSource<System.Int32>.GetResult(Int16 token)
   at System.Net.Security.SslStream.EnsureFullTlsFrameAsync[TIOAdapter](CancellationToken cancellationToken, Int32 estimatedSize)
   at System.Runtime.CompilerServices.PoolingAsyncValueTaskMethodBuilder`1.StateMachineBox`1.System.Threading.Tasks.Sources.IValueTaskSource<TResult>.GetResult(Int16 token)
   at System.Net.Security.SslStream.ReadAsyncInternal[TIOAdapter](Memory`1 buffer, CancellationToken cancellationToken)
   at System.Runtime.CompilerServices.PoolingAsyncValueTaskMethodBuilder`1.StateMachineBox`1.System.Threading.Tasks.Sources.IValueTaskSource<TResult>.GetResult(Int16 token)
   at System.Net.Http.HttpConnection.SendAsync(HttpRequestMessage request, Boolean async, CancellationToken cancellationToken)
   --- End of inner exception stack trace ---
   at System.Net.Http.HttpConnection.SendAsync(HttpRequestMessage request, Boolean async, CancellationToken cancellationToken)
   at System.Net.Http.AuthenticationHelper.SendWithNtAuthAsync(HttpRequestMessage request, Uri authUri, Boolean async, ICredentials credentials, Boolean isProxyAuth, HttpConnection connection, HttpConnectionPool connectionPool, CancellationToken cancellationToken)
   at System.Net.Http.HttpConnectionPool.SendWithVersionDetectionAndRetryAsync(HttpRequestMessage request, Boolean async, Boolean doRequestAuth, CancellationToken cancellationToken)
   at System.Net.Http.AuthenticationHelper.SendWithAuthAsync(HttpRequestMessage request, Uri authUri, Boolean async, ICredentials credentials, Boolean preAuthenticate, Boolean isProxyAuth, Boolean doRequestAuth, HttpConnectionPool pool, CancellationToken cancellationToken)
   at System.Net.Http.RedirectHandler.SendAsync(HttpRequestMessage request, Boolean async, CancellationToken cancellationToken)
   at GitHub.Services.Common.RawHttpMessageHandler.SendAsync(HttpRequestMessage request, CancellationToken cancellationToken)
   at GitHub.Services.Common.VssHttpRetryMessageHandler.SendAsync(HttpRequestMessage request, CancellationToken cancellationToken)
   at System.Net.Http.HttpClient.<SendAsync>g__Core|83_0(HttpRequestMessage request, HttpCompletionOption completionOption, CancellationTokenSource cts, Boolean disposeCts, CancellationTokenSource pendingRequestsCts, CancellationToken originalCancellationToken)
   --- End of inner exception stack trace ---
   at System.Net.Http.HttpClient.HandleFailure(Exception e, Boolean telemetryStarted, HttpResponseMessage response, CancellationTokenSource cts, CancellationToken cancellationToken, CancellationTokenSource pendingRequestsCts)
   at System.Net.Http.HttpClient.<SendAsync>g__Core|83_0(HttpRequestMessage request, HttpCompletionOption completionOption, CancellationTokenSource cts, Boolean disposeCts, CancellationTokenSource pendingRequestsCts, CancellationToken originalCancellationToken)
   at Sdk.WebApi.WebApi.RawHttpClientBase.SendAsync(HttpRequestMessage message, HttpCompletionOption completionOption, Object userState, CancellationToken cancellationToken)
   at Sdk.WebApi.WebApi.RawHttpClientBase.SendAsync[T](HttpRequestMessage message, Boolean readErrorBody, Object userState, CancellationToken cancellationToken)
   at Sdk.WebApi.WebApi.RawHttpClientBase.SendAsync[T](HttpMethod method, IEnumerable`1 additionalHeaders, Uri requestUri, HttpContent content, IEnumerable`1 queryParameters, Boolean readErrorBody, Object userState, CancellationToken cancellationToken)
   at GitHub.Actions.RunService.WebApi.BrokerHttpClient.GetRunnerMessageAsync(Nullable`1 sessionId, String runnerVersion, Nullable`1 status, String os, String architecture, Nullable`1 disableUpdate, CancellationToken cancellationToken)
   at GitHub.Runner.Common.BrokerServer.<>c__DisplayClass7_0.<<GetRunnerMessageAsync>b__0>d.MoveNext()
--- End of stack trace from previous location ---
   at GitHub.Runner.Common.RunnerService.RetryRequest[T](Func`1 func, CancellationToken cancellationToken, Int32 maxAttempts, Func`2 shouldRetry)
[2026-03-03 08:07:28Z ERR  BrokerServer] #####################################################
[2026-03-03 08:07:28Z ERR  BrokerServer] System.Threading.Tasks.TaskCanceledException: The operation was canceled.
 ---> System.IO.IOException: Unable to read data from the transport connection: The I/O operation has been aborted because of either a thread exit or an application request..
 ---> System.Net.Sockets.SocketException (995): The I/O operation has been aborted because of either a thread exit or an application request.
   --- End of inner exception stack trace ---
   at System.Net.Sockets.Socket.AwaitableSocketAsyncEventArgs.ThrowException(SocketError error, CancellationToken cancellationToken)
   at System.Net.Sockets.Socket.AwaitableSocketAsyncEventArgs.System.Threading.Tasks.Sources.IValueTaskSource<System.Int32>.GetResult(Int16 token)
   at System.Net.Security.SslStream.EnsureFullTlsFrameAsync[TIOAdapter](CancellationToken cancellationToken, Int32 estimatedSize)
   at System.Runtime.CompilerServices.PoolingAsyncValueTaskMethodBuilder`1.StateMachineBox`1.System.Threading.Tasks.Sources.IValueTaskSource<TResult>.GetResult(Int16 token)
   at System.Net.Security.SslStream.ReadAsyncInternal[TIOAdapter](Memory`1 buffer, CancellationToken cancellationToken)
   at System.Runtime.CompilerServices.PoolingAsyncValueTaskMethodBuilder`1.StateMachineBox`1.System.Threading.Tasks.Sources.IValueTaskSource<TResult>.GetResult(Int16 token)
   at System.Net.Http.HttpConnection.SendAsync(HttpRequestMessage request, Boolean async, CancellationToken cancellationToken)
   --- End of inner exception stack trace ---
   at System.Net.Http.HttpConnection.SendAsync(HttpRequestMessage request, Boolean async, CancellationToken cancellationToken)
   at System.Net.Http.AuthenticationHelper.SendWithNtAuthAsync(HttpRequestMessage request, Uri authUri, Boolean async, ICredentials credentials, Boolean isProxyAuth, HttpConnection connection, HttpConnectionPool connectionPool, CancellationToken cancellationToken)
   at System.Net.Http.HttpConnectionPool.SendWithVersionDetectionAndRetryAsync(HttpRequestMessage request, Boolean async, Boolean doRequestAuth, CancellationToken cancellationToken)
   at System.Net.Http.AuthenticationHelper.SendWithAuthAsync(HttpRequestMessage request, Uri authUri, Boolean async, ICredentials credentials, Boolean preAuthenticate, Boolean isProxyAuth, Boolean doRequestAuth, HttpConnectionPool pool, CancellationToken cancellationToken)
   at System.Net.Http.RedirectHandler.SendAsync(HttpRequestMessage request, Boolean async, CancellationToken cancellationToken)
   at GitHub.Services.Common.RawHttpMessageHandler.SendAsync(HttpRequestMessage request, CancellationToken cancellationToken)
   at GitHub.Services.Common.VssHttpRetryMessageHandler.SendAsync(HttpRequestMessage request, CancellationToken cancellationToken)
   at System.Net.Http.HttpClient.<SendAsync>g__Core|83_0(HttpRequestMessage request, HttpCompletionOption completionOption, CancellationTokenSource cts, Boolean disposeCts, CancellationTokenSource pendingRequestsCts, CancellationToken originalCancellationToken)
[2026-03-03 08:07:28Z ERR  BrokerServer] #####################################################
[2026-03-03 08:07:28Z ERR  BrokerServer] System.IO.IOException: Unable to read data from the transport connection: The I/O operation has been aborted because of either a thread exit or an application request..
 ---> System.Net.Sockets.SocketException (995): The I/O operation has been aborted because of either a thread exit or an application request.
   --- End of inner exception stack trace ---
   at System.Net.Sockets.Socket.AwaitableSocketAsyncEventArgs.ThrowException(SocketError error, CancellationToken cancellationToken)
   at System.Net.Sockets.Socket.AwaitableSocketAsyncEventArgs.System.Threading.Tasks.Sources.IValueTaskSource<System.Int32>.GetResult(Int16 token)
   at System.Net.Security.SslStream.EnsureFullTlsFrameAsync[TIOAdapter](CancellationToken cancellationToken, Int32 estimatedSize)
   at System.Runtime.CompilerServices.PoolingAsyncValueTaskMethodBuilder`1.StateMachineBox`1.System.Threading.Tasks.Sources.IValueTaskSource<TResult>.GetResult(Int16 token)
   at System.Net.Security.SslStream.ReadAsyncInternal[TIOAdapter](Memory`1 buffer, CancellationToken cancellationToken)
   at System.Runtime.CompilerServices.PoolingAsyncValueTaskMethodBuilder`1.StateMachineBox`1.System.Threading.Tasks.Sources.IValueTaskSource<TResult>.GetResult(Int16 token)
   at System.Net.Http.HttpConnection.SendAsync(HttpRequestMessage request, Boolean async, CancellationToken cancellationToken)
[2026-03-03 08:07:28Z ERR  BrokerServer] #####################################################
[2026-03-03 08:07:28Z ERR  BrokerServer] System.Net.Sockets.SocketException (995): The I/O operation has been aborted because of either a thread exit or an application request.
[2026-03-03 08:07:28Z WARN BrokerServer] Back off 10.003 seconds before next retry. 4 attempt left.
[2026-03-03 08:07:28Z INFO BrokerMessageListener] Get messages has been cancelled using local token source. Continue to get messages with new status.
[2026-03-03 08:07:29Z INFO BrokerMessageListener] Acknowledging runner request 'ac04ffab-a85f-5e4c-b8e2-ba3aa1453427'.
[2026-03-03 08:07:29Z INFO ConfigurationStore] HasCredentials()
[2026-03-03 08:07:29Z INFO ConfigurationStore] stored True
[2026-03-03 08:07:29Z INFO CredentialManager] GetCredentialProvider
[2026-03-03 08:07:29Z INFO CredentialManager] Creating type OAuth
[2026-03-03 08:07:29Z INFO CredentialManager] Creating credential type: OAuth
[2026-03-03 08:07:29Z INFO RSAEncryptedFileKeyManager] Loading RSA key parameters from file C:\Users\farzalino.heryadi\conjur-policies\actions-runner\.credentials_rsaparams
[2026-03-03 08:07:29Z INFO RSAEncryptedFileKeyManager] Loading RSA key parameters from file C:\Users\farzalino.heryadi\conjur-policies\actions-runner\.credentials_rsaparams
[2026-03-03 08:07:29Z INFO RSAEncryptedFileKeyManager] Loading RSA key parameters from file C:\Users\farzalino.heryadi\conjur-policies\actions-runner\.credentials_rsaparams
[2026-03-03 08:07:30Z INFO GitHubActionsService] AAD Correlation ID for this token request: Unknown
[2026-03-03 08:07:41Z ERR  GitHubActionsService] POST request to https://run-actions-2-azure-eastus.actions.githubusercontent.com/148/acquirejob failed. HTTP Status: InternalServerError
[2026-03-03 08:07:41Z ERR  RunServer] Catch exception during request
[2026-03-03 08:07:41Z ERR  RunServer] System.Exception: Failed to get job message: Error: Internal Server Error. {"source":"actions-run-service","statusCode":500,"errorMessage":"Internal Server Error"}
   at GitHub.Actions.RunService.WebApi.RunServiceHttpClient.GetJobMessageAsync(Uri requestUri, String messageId, String runnerOS, String billingOwnerId, CancellationToken cancellationToken)
   at GitHub.Runner.Common.RunServer.<>c__DisplayClass6_0.<<GetJobMessageAsync>b__0>d.MoveNext()
--- End of stack trace from previous location ---
   at GitHub.Runner.Common.RunnerService.RetryRequest[T](Func`1 func, CancellationToken cancellationToken, Int32 maxAttempts, Func`2 shouldRetry)
[2026-03-03 08:07:41Z WARN RunServer] Back off 11.987 seconds before next retry. 4 attempt left.
[2026-03-03 08:07:54Z INFO JobDispatcher] Job request 0 for plan 5ccf22b5-f5a5-4856-b3ab-f8be37afb4d1 job ac04ffab-a85f-5e4c-b8e2-ba3aa1453427 received.
[2026-03-03 08:07:54Z INFO JobDispatcher] Pull OrchestrationId 5ccf22b5-f5a5-4856-b3ab-f8be37afb4d1.test.__default from JWT claims
[2026-03-03 08:07:54Z INFO BrokerMessageListener] Received job status event. JobState: Busy
[2026-03-03 08:07:54Z INFO BrokerMessageListener] _getMessagesTokenSource is already disposed.
[2026-03-03 08:07:54Z INFO JobDispatcher] Job request cd5d63b0-ab07-5e1a-9285-fb252794e6de processed succeed.
[2026-03-03 08:07:54Z INFO Terminal] WRITE LINE: 2026-03-03 08:07:54Z: Running job: test
[2026-03-03 08:07:54Z INFO JobDispatcher] Start renew job request 0 for job ac04ffab-a85f-5e4c-b8e2-ba3aa1453427.
[2026-03-03 08:07:55Z INFO JobDispatcher] Successfully renew job ac04ffab-a85f-5e4c-b8e2-ba3aa1453427, job is valid till 3/3/2026 8:17:56 AM
[2026-03-03 08:07:55Z INFO HostContext] Well known directory 'Bin': 'C:\Users\farzalino.heryadi\conjur-policies\actions-runner\bin'
[2026-03-03 08:07:55Z INFO ProcessInvokerWrapper] Starting process:
[2026-03-03 08:07:55Z INFO ProcessInvokerWrapper]   File name: 'C:\Users\farzalino.heryadi\conjur-policies\actions-runner\bin\Runner.Worker.exe'
[2026-03-03 08:07:55Z INFO ProcessInvokerWrapper]   Arguments: 'spawnclient 2420 2432'
[2026-03-03 08:07:55Z INFO ProcessInvokerWrapper]   Working directory: 'C:\Users\farzalino.heryadi\conjur-policies\actions-runner\bin'
[2026-03-03 08:07:55Z INFO ProcessInvokerWrapper]   Require exit code zero: 'False'
[2026-03-03 08:07:55Z INFO ProcessInvokerWrapper]   Encoding web name:  ; code page: ''
[2026-03-03 08:07:55Z INFO ProcessInvokerWrapper]   Force kill process on cancellation: 'True'
[2026-03-03 08:07:55Z INFO ProcessInvokerWrapper]   Redirected STDIN: 'False'
[2026-03-03 08:07:55Z INFO ProcessInvokerWrapper]   Persist current code page: 'False'
[2026-03-03 08:07:55Z INFO ProcessInvokerWrapper]   Keep redirected STDIN open: 'False'
[2026-03-03 08:07:55Z INFO ProcessInvokerWrapper]   High priority process: 'True'
[2026-03-03 08:07:55Z INFO ProcessInvokerWrapper] Process started with process id 32588, waiting for process exit.
[2026-03-03 08:07:55Z INFO JobDispatcher] Send job request message to worker for job ac04ffab-a85f-5e4c-b8e2-ba3aa1453427.
[2026-03-03 08:07:55Z INFO ProcessChannel] Sending message of length 23058, with hash '6cc038b94190c5012e0c359c7cc5e2ce510ea54d930933cdb128f8e469a40b14'
[2026-03-03 08:07:55Z INFO JobNotification] Entering JobStarted Notification
[2026-03-03 08:07:55Z INFO JobNotification] Entering StartMonitor
[2026-03-03 08:08:09Z INFO ProcessInvokerWrapper] STDOUT/STDERR stream read finished.
[2026-03-03 08:08:09Z INFO ProcessInvokerWrapper] STDOUT/STDERR stream read finished.
[2026-03-03 08:08:09Z INFO ProcessInvokerWrapper] Finished process 32588 with exit code 102, and elapsed time 00:00:14.6238724.
[2026-03-03 08:08:09Z INFO JobDispatcher] Worker finished for job ac04ffab-a85f-5e4c-b8e2-ba3aa1453427. Code: 102
[2026-03-03 08:08:09Z INFO JobDispatcher] finish job request for job ac04ffab-a85f-5e4c-b8e2-ba3aa1453427 with result: Failed
[2026-03-03 08:08:09Z INFO Terminal] WRITE LINE: 2026-03-03 08:08:09Z: Job test completed with result: Failed
[2026-03-03 08:08:09Z INFO JobDispatcher] Stop renew job request for job ac04ffab-a85f-5e4c-b8e2-ba3aa1453427.
[2026-03-03 08:08:09Z INFO JobDispatcher] job renew has been cancelled, stop renew job ac04ffab-a85f-5e4c-b8e2-ba3aa1453427.
[2026-03-03 08:08:09Z INFO JobNotification] Entering JobCompleted Notification
[2026-03-03 08:08:09Z INFO JobNotification] Entering EndMonitor
[2026-03-03 08:08:09Z INFO BrokerMessageListener] Received job status event. JobState: Online
[2026-03-03 08:08:09Z WARN GitHubActionsService] GET request to https://broker.actions.githubusercontent.com/message?sessionId=c36e3b78-0453-486c-8592-63abc37759f1&status=Busy&runnerVersion=2.332.0&os=Windows&architecture=X64&disableUpdate=false has been cancelled.
[2026-03-03 08:08:09Z ERR  BrokerServer] Catch exception during request
[2026-03-03 08:08:09Z ERR  BrokerServer] System.Threading.Tasks.TaskCanceledException: The operation was canceled.
 ---> System.Threading.Tasks.TaskCanceledException: The operation was canceled.
 ---> System.IO.IOException: Unable to read data from the transport connection: The I/O operation has been aborted because of either a thread exit or an application request..
 ---> System.Net.Sockets.SocketException (995): The I/O operation has been aborted because of either a thread exit or an application request.
   --- End of inner exception stack trace ---
   at System.Net.Sockets.Socket.AwaitableSocketAsyncEventArgs.ThrowException(SocketError error, CancellationToken cancellationToken)
   at System.Net.Sockets.Socket.AwaitableSocketAsyncEventArgs.System.Threading.Tasks.Sources.IValueTaskSource<System.Int32>.GetResult(Int16 token)
   at System.Net.Security.SslStream.EnsureFullTlsFrameAsync[TIOAdapter](CancellationToken cancellationToken, Int32 estimatedSize)
   at System.Runtime.CompilerServices.PoolingAsyncValueTaskMethodBuilder`1.StateMachineBox`1.System.Threading.Tasks.Sources.IValueTaskSource<TResult>.GetResult(Int16 token)
   at System.Net.Security.SslStream.ReadAsyncInternal[TIOAdapter](Memory`1 buffer, CancellationToken cancellationToken)
   at System.Runtime.CompilerServices.PoolingAsyncValueTaskMethodBuilder`1.StateMachineBox`1.System.Threading.Tasks.Sources.IValueTaskSource<TResult>.GetResult(Int16 token)
   at System.Net.Http.HttpConnection.<EnsureReadAheadTaskHasStarted>g__ReadAheadWithZeroByteReadAsync|40_0()
   at System.Net.Http.HttpConnection.SendAsync(HttpRequestMessage request, Boolean async, CancellationToken cancellationToken)
   --- End of inner exception stack trace ---
   at System.Net.Http.HttpConnection.SendAsync(HttpRequestMessage request, Boolean async, CancellationToken cancellationToken)
   at System.Net.Http.AuthenticationHelper.SendWithNtAuthAsync(HttpRequestMessage request, Uri authUri, Boolean async, ICredentials credentials, Boolean isProxyAuth, HttpConnection connection, HttpConnectionPool connectionPool, CancellationToken cancellationToken)
   at System.Net.Http.HttpConnectionPool.SendWithVersionDetectionAndRetryAsync(HttpRequestMessage request, Boolean async, Boolean doRequestAuth, CancellationToken cancellationToken)
   at System.Net.Http.AuthenticationHelper.SendWithAuthAsync(HttpRequestMessage request, Uri authUri, Boolean async, ICredentials credentials, Boolean preAuthenticate, Boolean isProxyAuth, Boolean doRequestAuth, HttpConnectionPool pool, CancellationToken cancellationToken)
   at System.Net.Http.RedirectHandler.SendAsync(HttpRequestMessage request, Boolean async, CancellationToken cancellationToken)
   at GitHub.Services.Common.RawHttpMessageHandler.SendAsync(HttpRequestMessage request, CancellationToken cancellationToken)
   at GitHub.Services.Common.VssHttpRetryMessageHandler.SendAsync(HttpRequestMessage request, CancellationToken cancellationToken)
   at System.Net.Http.HttpClient.<SendAsync>g__Core|83_0(HttpRequestMessage request, HttpCompletionOption completionOption, CancellationTokenSource cts, Boolean disposeCts, CancellationTokenSource pendingRequestsCts, CancellationToken originalCancellationToken)
   --- End of inner exception stack trace ---
   at System.Net.Http.HttpClient.HandleFailure(Exception e, Boolean telemetryStarted, HttpResponseMessage response, CancellationTokenSource cts, CancellationToken cancellationToken, CancellationTokenSource pendingRequestsCts)
   at System.Net.Http.HttpClient.<SendAsync>g__Core|83_0(HttpRequestMessage request, HttpCompletionOption completionOption, CancellationTokenSource cts, Boolean disposeCts, CancellationTokenSource pendingRequestsCts, CancellationToken originalCancellationToken)
   at Sdk.WebApi.WebApi.RawHttpClientBase.SendAsync(HttpRequestMessage message, HttpCompletionOption completionOption, Object userState, CancellationToken cancellationToken)
   at Sdk.WebApi.WebApi.RawHttpClientBase.SendAsync[T](HttpRequestMessage message, Boolean readErrorBody, Object userState, CancellationToken cancellationToken)
   at Sdk.WebApi.WebApi.RawHttpClientBase.SendAsync[T](HttpMethod method, IEnumerable`1 additionalHeaders, Uri requestUri, HttpContent content, IEnumerable`1 queryParameters, Boolean readErrorBody, Object userState, CancellationToken cancellationToken)
   at GitHub.Actions.RunService.WebApi.BrokerHttpClient.GetRunnerMessageAsync(Nullable`1 sessionId, String runnerVersion, Nullable`1 status, String os, String architecture, Nullable`1 disableUpdate, CancellationToken cancellationToken)
   at GitHub.Runner.Common.BrokerServer.<>c__DisplayClass7_0.<<GetRunnerMessageAsync>b__0>d.MoveNext()
--- End of stack trace from previous location ---
   at GitHub.Runner.Common.RunnerService.RetryRequest[T](Func`1 func, CancellationToken cancellationToken, Int32 maxAttempts, Func`2 shouldRetry)
[2026-03-03 08:08:09Z ERR  BrokerServer] #####################################################
[2026-03-03 08:08:09Z ERR  BrokerServer] System.Threading.Tasks.TaskCanceledException: The operation was canceled.
 ---> System.IO.IOException: Unable to read data from the transport connection: The I/O operation has been aborted because of either a thread exit or an application request..
 ---> System.Net.Sockets.SocketException (995): The I/O operation has been aborted because of either a thread exit or an application request.
   --- End of inner exception stack trace ---
   at System.Net.Sockets.Socket.AwaitableSocketAsyncEventArgs.ThrowException(SocketError error, CancellationToken cancellationToken)
   at System.Net.Sockets.Socket.AwaitableSocketAsyncEventArgs.System.Threading.Tasks.Sources.IValueTaskSource<System.Int32>.GetResult(Int16 token)
   at System.Net.Security.SslStream.EnsureFullTlsFrameAsync[TIOAdapter](CancellationToken cancellationToken, Int32 estimatedSize)
   at System.Runtime.CompilerServices.PoolingAsyncValueTaskMethodBuilder`1.StateMachineBox`1.System.Threading.Tasks.Sources.IValueTaskSource<TResult>.GetResult(Int16 token)
   at System.Net.Security.SslStream.ReadAsyncInternal[TIOAdapter](Memory`1 buffer, CancellationToken cancellationToken)
   at System.Runtime.CompilerServices.PoolingAsyncValueTaskMethodBuilder`1.StateMachineBox`1.System.Threading.Tasks.Sources.IValueTaskSource<TResult>.GetResult(Int16 token)
   at System.Net.Http.HttpConnection.<EnsureReadAheadTaskHasStarted>g__ReadAheadWithZeroByteReadAsync|40_0()
   at System.Net.Http.HttpConnection.SendAsync(HttpRequestMessage request, Boolean async, CancellationToken cancellationToken)
   --- End of inner exception stack trace ---
   at System.Net.Http.HttpConnection.SendAsync(HttpRequestMessage request, Boolean async, CancellationToken cancellationToken)
   at System.Net.Http.AuthenticationHelper.SendWithNtAuthAsync(HttpRequestMessage request, Uri authUri, Boolean async, ICredentials credentials, Boolean isProxyAuth, HttpConnection connection, HttpConnectionPool connectionPool, CancellationToken cancellationToken)
   at System.Net.Http.HttpConnectionPool.SendWithVersionDetectionAndRetryAsync(HttpRequestMessage request, Boolean async, Boolean doRequestAuth, CancellationToken cancellationToken)
   at System.Net.Http.AuthenticationHelper.SendWithAuthAsync(HttpRequestMessage request, Uri authUri, Boolean async, ICredentials credentials, Boolean preAuthenticate, Boolean isProxyAuth, Boolean doRequestAuth, HttpConnectionPool pool, CancellationToken cancellationToken)
   at System.Net.Http.RedirectHandler.SendAsync(HttpRequestMessage request, Boolean async, CancellationToken cancellationToken)
   at GitHub.Services.Common.RawHttpMessageHandler.SendAsync(HttpRequestMessage request, CancellationToken cancellationToken)
   at GitHub.Services.Common.VssHttpRetryMessageHandler.SendAsync(HttpRequestMessage request, CancellationToken cancellationToken)
   at System.Net.Http.HttpClient.<SendAsync>g__Core|83_0(HttpRequestMessage request, HttpCompletionOption completionOption, CancellationTokenSource cts, Boolean disposeCts, CancellationTokenSource pendingRequestsCts, CancellationToken originalCancellationToken)
[2026-03-03 08:08:09Z ERR  BrokerServer] #####################################################
[2026-03-03 08:08:09Z ERR  BrokerServer] System.IO.IOException: Unable to read data from the transport connection: The I/O operation has been aborted because of either a thread exit or an application request..
 ---> System.Net.Sockets.SocketException (995): The I/O operation has been aborted because of either a thread exit or an application request.
   --- End of inner exception stack trace ---
   at System.Net.Sockets.Socket.AwaitableSocketAsyncEventArgs.ThrowException(SocketError error, CancellationToken cancellationToken)
   at System.Net.Sockets.Socket.AwaitableSocketAsyncEventArgs.System.Threading.Tasks.Sources.IValueTaskSource<System.Int32>.GetResult(Int16 token)
   at System.Net.Security.SslStream.EnsureFullTlsFrameAsync[TIOAdapter](CancellationToken cancellationToken, Int32 estimatedSize)
   at System.Runtime.CompilerServices.PoolingAsyncValueTaskMethodBuilder`1.StateMachineBox`1.System.Threading.Tasks.Sources.IValueTaskSource<TResult>.GetResult(Int16 token)
   at System.Net.Security.SslStream.ReadAsyncInternal[TIOAdapter](Memory`1 buffer, CancellationToken cancellationToken)
   at System.Runtime.CompilerServices.PoolingAsyncValueTaskMethodBuilder`1.StateMachineBox`1.System.Threading.Tasks.Sources.IValueTaskSource<TResult>.GetResult(Int16 token)
   at System.Net.Http.HttpConnection.<EnsureReadAheadTaskHasStarted>g__ReadAheadWithZeroByteReadAsync|40_0()
   at System.Net.Http.HttpConnection.SendAsync(HttpRequestMessage request, Boolean async, CancellationToken cancellationToken)
[2026-03-03 08:08:09Z ERR  BrokerServer] #####################################################
[2026-03-03 08:08:09Z ERR  BrokerServer] System.Net.Sockets.SocketException (995): The I/O operation has been aborted because of either a thread exit or an application request.
[2026-03-03 08:08:09Z WARN BrokerServer] Back off 8.866 seconds before next retry. 4 attempt left.
[2026-03-03 08:08:09Z INFO BrokerMessageListener] Get messages has been cancelled using local token source. Continue to get messages with new status.
[2026-03-03 08:08:10Z INFO BrokerMessageListener] Acknowledging runner request 'a0b39655-dc0a-55b9-ad81-bf206b46e3d5'.
[2026-03-03 08:08:10Z INFO ConfigurationStore] HasCredentials()
[2026-03-03 08:08:10Z INFO ConfigurationStore] stored True
[2026-03-03 08:08:10Z INFO CredentialManager] GetCredentialProvider
[2026-03-03 08:08:10Z INFO CredentialManager] Creating type OAuth
[2026-03-03 08:08:10Z INFO CredentialManager] Creating credential type: OAuth
[2026-03-03 08:08:10Z INFO RSAEncryptedFileKeyManager] Loading RSA key parameters from file C:\Users\farzalino.heryadi\conjur-policies\actions-runner\.credentials_rsaparams
[2026-03-03 08:08:10Z INFO RSAEncryptedFileKeyManager] Loading RSA key parameters from file C:\Users\farzalino.heryadi\conjur-policies\actions-runner\.credentials_rsaparams
[2026-03-03 08:08:10Z INFO RSAEncryptedFileKeyManager] Loading RSA key parameters from file C:\Users\farzalino.heryadi\conjur-policies\actions-runner\.credentials_rsaparams
[2026-03-03 08:08:11Z INFO GitHubActionsService] AAD Correlation ID for this token request: Unknown
[2026-03-03 08:08:13Z INFO JobDispatcher] Job request 0 for plan 7dc584d4-ab0a-4e4a-a306-57b5f731efd5 job a0b39655-dc0a-55b9-ad81-bf206b46e3d5 received.
[2026-03-03 08:08:13Z INFO JobDispatcher] Pull OrchestrationId 7dc584d4-ab0a-4e4a-a306-57b5f731efd5.test.__default from JWT claims
[2026-03-03 08:08:13Z INFO BrokerMessageListener] Received job status event. JobState: Busy
[2026-03-03 08:08:13Z INFO BrokerMessageListener] _getMessagesTokenSource is already disposed.
[2026-03-03 08:08:13Z INFO JobDispatcher] Job request ac04ffab-a85f-5e4c-b8e2-ba3aa1453427 processed succeed.
[2026-03-03 08:08:13Z INFO Terminal] WRITE LINE: 2026-03-03 08:08:13Z: Running job: test
[2026-03-03 08:08:13Z INFO JobDispatcher] Start renew job request 0 for job a0b39655-dc0a-55b9-ad81-bf206b46e3d5.
[2026-03-03 08:08:14Z INFO JobDispatcher] Successfully renew job a0b39655-dc0a-55b9-ad81-bf206b46e3d5, job is valid till 3/3/2026 8:18:15 AM
[2026-03-03 08:08:14Z INFO HostContext] Well known directory 'Bin': 'C:\Users\farzalino.heryadi\conjur-policies\actions-runner\bin'
[2026-03-03 08:08:14Z INFO ProcessInvokerWrapper] Starting process:
[2026-03-03 08:08:14Z INFO ProcessInvokerWrapper]   File name: 'C:\Users\farzalino.heryadi\conjur-policies\actions-runner\bin\Runner.Worker.exe'
[2026-03-03 08:08:14Z INFO ProcessInvokerWrapper]   Arguments: 'spawnclient 2428 2436'
[2026-03-03 08:08:14Z INFO ProcessInvokerWrapper]   Working directory: 'C:\Users\farzalino.heryadi\conjur-policies\actions-runner\bin'
[2026-03-03 08:08:14Z INFO ProcessInvokerWrapper]   Require exit code zero: 'False'
[2026-03-03 08:08:14Z INFO ProcessInvokerWrapper]   Encoding web name:  ; code page: ''
[2026-03-03 08:08:14Z INFO ProcessInvokerWrapper]   Force kill process on cancellation: 'True'
[2026-03-03 08:08:14Z INFO ProcessInvokerWrapper]   Redirected STDIN: 'False'
[2026-03-03 08:08:14Z INFO ProcessInvokerWrapper]   Persist current code page: 'False'
[2026-03-03 08:08:14Z INFO ProcessInvokerWrapper]   Keep redirected STDIN open: 'False'
[2026-03-03 08:08:14Z INFO ProcessInvokerWrapper]   High priority process: 'True'
[2026-03-03 08:08:14Z INFO ProcessInvokerWrapper] Process started with process id 32212, waiting for process exit.
[2026-03-03 08:08:14Z INFO JobDispatcher] Send job request message to worker for job a0b39655-dc0a-55b9-ad81-bf206b46e3d5.
[2026-03-03 08:08:14Z INFO ProcessChannel] Sending message of length 23055, with hash '8a19a6619a749ac6ece698d26238248a75e4dd6c89d6759880eb7b0ecd98088e'
[2026-03-03 08:08:14Z INFO JobNotification] Entering JobStarted Notification
[2026-03-03 08:08:14Z INFO JobNotification] Entering StartMonitor
[2026-03-03 08:08:25Z INFO ProcessInvokerWrapper] STDOUT/STDERR stream read finished.
[2026-03-03 08:08:25Z INFO ProcessInvokerWrapper] STDOUT/STDERR stream read finished.
[2026-03-03 08:08:25Z INFO ProcessInvokerWrapper] Finished process 32212 with exit code 102, and elapsed time 00:00:11.3558785.
[2026-03-03 08:08:25Z INFO JobDispatcher] Worker finished for job a0b39655-dc0a-55b9-ad81-bf206b46e3d5. Code: 102
[2026-03-03 08:08:25Z INFO JobDispatcher] finish job request for job a0b39655-dc0a-55b9-ad81-bf206b46e3d5 with result: Failed
[2026-03-03 08:08:25Z INFO Terminal] WRITE LINE: 2026-03-03 08:08:25Z: Job test completed with result: Failed
[2026-03-03 08:08:25Z INFO JobDispatcher] Stop renew job request for job a0b39655-dc0a-55b9-ad81-bf206b46e3d5.
[2026-03-03 08:08:25Z INFO JobDispatcher] job renew has been cancelled, stop renew job a0b39655-dc0a-55b9-ad81-bf206b46e3d5.
[2026-03-03 08:08:25Z INFO JobNotification] Entering JobCompleted Notification
[2026-03-03 08:08:25Z INFO JobNotification] Entering EndMonitor
[2026-03-03 08:08:25Z INFO BrokerMessageListener] Received job status event. JobState: Online
[2026-03-03 08:08:25Z WARN GitHubActionsService] GET request to https://broker.actions.githubusercontent.com/message?sessionId=c36e3b78-0453-486c-8592-63abc37759f1&status=Busy&runnerVersion=2.332.0&os=Windows&architecture=X64&disableUpdate=false has been cancelled.
[2026-03-03 08:08:25Z ERR  BrokerServer] Catch exception during request
[2026-03-03 08:08:25Z ERR  BrokerServer] System.Threading.Tasks.TaskCanceledException: The operation was canceled.
 ---> System.Threading.Tasks.TaskCanceledException: The operation was canceled.
 ---> System.IO.IOException: Unable to read data from the transport connection: The I/O operation has been aborted because of either a thread exit or an application request..
 ---> System.Net.Sockets.SocketException (995): The I/O operation has been aborted because of either a thread exit or an application request.
   --- End of inner exception stack trace ---
   at System.Net.Sockets.Socket.AwaitableSocketAsyncEventArgs.ThrowException(SocketError error, CancellationToken cancellationToken)
   at System.Net.Sockets.Socket.AwaitableSocketAsyncEventArgs.System.Threading.Tasks.Sources.IValueTaskSource<System.Int32>.GetResult(Int16 token)
   at System.Net.Security.SslStream.EnsureFullTlsFrameAsync[TIOAdapter](CancellationToken cancellationToken, Int32 estimatedSize)
   at System.Runtime.CompilerServices.PoolingAsyncValueTaskMethodBuilder`1.StateMachineBox`1.System.Threading.Tasks.Sources.IValueTaskSource<TResult>.GetResult(Int16 token)
   at System.Net.Security.SslStream.ReadAsyncInternal[TIOAdapter](Memory`1 buffer, CancellationToken cancellationToken)
   at System.Runtime.CompilerServices.PoolingAsyncValueTaskMethodBuilder`1.StateMachineBox`1.System.Threading.Tasks.Sources.IValueTaskSource<TResult>.GetResult(Int16 token)
   at System.Net.Http.HttpConnection.SendAsync(HttpRequestMessage request, Boolean async, CancellationToken cancellationToken)
   --- End of inner exception stack trace ---
   at System.Net.Http.HttpConnection.SendAsync(HttpRequestMessage request, Boolean async, CancellationToken cancellationToken)
   at System.Net.Http.AuthenticationHelper.SendWithNtAuthAsync(HttpRequestMessage request, Uri authUri, Boolean async, ICredentials credentials, Boolean isProxyAuth, HttpConnection connection, HttpConnectionPool connectionPool, CancellationToken cancellationToken)
   at System.Net.Http.HttpConnectionPool.SendWithVersionDetectionAndRetryAsync(HttpRequestMessage request, Boolean async, Boolean doRequestAuth, CancellationToken cancellationToken)
   at System.Net.Http.AuthenticationHelper.SendWithAuthAsync(HttpRequestMessage request, Uri authUri, Boolean async, ICredentials credentials, Boolean preAuthenticate, Boolean isProxyAuth, Boolean doRequestAuth, HttpConnectionPool pool, CancellationToken cancellationToken)
   at System.Net.Http.RedirectHandler.SendAsync(HttpRequestMessage request, Boolean async, CancellationToken cancellationToken)
   at GitHub.Services.Common.RawHttpMessageHandler.SendAsync(HttpRequestMessage request, CancellationToken cancellationToken)
   at GitHub.Services.Common.VssHttpRetryMessageHandler.SendAsync(HttpRequestMessage request, CancellationToken cancellationToken)
   at System.Net.Http.HttpClient.<SendAsync>g__Core|83_0(HttpRequestMessage request, HttpCompletionOption completionOption, CancellationTokenSource cts, Boolean disposeCts, CancellationTokenSource pendingRequestsCts, CancellationToken originalCancellationToken)
   --- End of inner exception stack trace ---
   at System.Net.Http.HttpClient.HandleFailure(Exception e, Boolean telemetryStarted, HttpResponseMessage response, CancellationTokenSource cts, CancellationToken cancellationToken, CancellationTokenSource pendingRequestsCts)
   at System.Net.Http.HttpClient.<SendAsync>g__Core|83_0(HttpRequestMessage request, HttpCompletionOption completionOption, CancellationTokenSource cts, Boolean disposeCts, CancellationTokenSource pendingRequestsCts, CancellationToken originalCancellationToken)
   at Sdk.WebApi.WebApi.RawHttpClientBase.SendAsync(HttpRequestMessage message, HttpCompletionOption completionOption, Object userState, CancellationToken cancellationToken)
   at Sdk.WebApi.WebApi.RawHttpClientBase.SendAsync[T](HttpRequestMessage message, Boolean readErrorBody, Object userState, CancellationToken cancellationToken)
   at Sdk.WebApi.WebApi.RawHttpClientBase.SendAsync[T](HttpMethod method, IEnumerable`1 additionalHeaders, Uri requestUri, HttpContent content, IEnumerable`1 queryParameters, Boolean readErrorBody, Object userState, CancellationToken cancellationToken)
   at GitHub.Actions.RunService.WebApi.BrokerHttpClient.GetRunnerMessageAsync(Nullable`1 sessionId, String runnerVersion, Nullable`1 status, String os, String architecture, Nullable`1 disableUpdate, CancellationToken cancellationToken)
   at GitHub.Runner.Common.BrokerServer.<>c__DisplayClass7_0.<<GetRunnerMessageAsync>b__0>d.MoveNext()
--- End of stack trace from previous location ---
   at GitHub.Runner.Common.RunnerService.RetryRequest[T](Func`1 func, CancellationToken cancellationToken, Int32 maxAttempts, Func`2 shouldRetry)
[2026-03-03 08:08:25Z ERR  BrokerServer] #####################################################
[2026-03-03 08:08:25Z ERR  BrokerServer] System.Threading.Tasks.TaskCanceledException: The operation was canceled.
 ---> System.IO.IOException: Unable to read data from the transport connection: The I/O operation has been aborted because of either a thread exit or an application request..
 ---> System.Net.Sockets.SocketException (995): The I/O operation has been aborted because of either a thread exit or an application request.
   --- End of inner exception stack trace ---
   at System.Net.Sockets.Socket.AwaitableSocketAsyncEventArgs.ThrowException(SocketError error, CancellationToken cancellationToken)
   at System.Net.Sockets.Socket.AwaitableSocketAsyncEventArgs.System.Threading.Tasks.Sources.IValueTaskSource<System.Int32>.GetResult(Int16 token)
   at System.Net.Security.SslStream.EnsureFullTlsFrameAsync[TIOAdapter](CancellationToken cancellationToken, Int32 estimatedSize)
   at System.Runtime.CompilerServices.PoolingAsyncValueTaskMethodBuilder`1.StateMachineBox`1.System.Threading.Tasks.Sources.IValueTaskSource<TResult>.GetResult(Int16 token)
   at System.Net.Security.SslStream.ReadAsyncInternal[TIOAdapter](Memory`1 buffer, CancellationToken cancellationToken)
   at System.Runtime.CompilerServices.PoolingAsyncValueTaskMethodBuilder`1.StateMachineBox`1.System.Threading.Tasks.Sources.IValueTaskSource<TResult>.GetResult(Int16 token)
   at System.Net.Http.HttpConnection.SendAsync(HttpRequestMessage request, Boolean async, CancellationToken cancellationToken)
   --- End of inner exception stack trace ---
   at System.Net.Http.HttpConnection.SendAsync(HttpRequestMessage request, Boolean async, CancellationToken cancellationToken)
   at System.Net.Http.AuthenticationHelper.SendWithNtAuthAsync(HttpRequestMessage request, Uri authUri, Boolean async, ICredentials credentials, Boolean isProxyAuth, HttpConnection connection, HttpConnectionPool connectionPool, CancellationToken cancellationToken)
   at System.Net.Http.HttpConnectionPool.SendWithVersionDetectionAndRetryAsync(HttpRequestMessage request, Boolean async, Boolean doRequestAuth, CancellationToken cancellationToken)
   at System.Net.Http.AuthenticationHelper.SendWithAuthAsync(HttpRequestMessage request, Uri authUri, Boolean async, ICredentials credentials, Boolean preAuthenticate, Boolean isProxyAuth, Boolean doRequestAuth, HttpConnectionPool pool, CancellationToken cancellationToken)
   at System.Net.Http.RedirectHandler.SendAsync(HttpRequestMessage request, Boolean async, CancellationToken cancellationToken)
   at GitHub.Services.Common.RawHttpMessageHandler.SendAsync(HttpRequestMessage request, CancellationToken cancellationToken)
   at GitHub.Services.Common.VssHttpRetryMessageHandler.SendAsync(HttpRequestMessage request, CancellationToken cancellationToken)
   at System.Net.Http.HttpClient.<SendAsync>g__Core|83_0(HttpRequestMessage request, HttpCompletionOption completionOption, CancellationTokenSource cts, Boolean disposeCts, CancellationTokenSource pendingRequestsCts, CancellationToken originalCancellationToken)
[2026-03-03 08:08:25Z ERR  BrokerServer] #####################################################
[2026-03-03 08:08:25Z ERR  BrokerServer] System.IO.IOException: Unable to read data from the transport connection: The I/O operation has been aborted because of either a thread exit or an application request..
 ---> System.Net.Sockets.SocketException (995): The I/O operation has been aborted because of either a thread exit or an application request.
   --- End of inner exception stack trace ---
   at System.Net.Sockets.Socket.AwaitableSocketAsyncEventArgs.ThrowException(SocketError error, CancellationToken cancellationToken)
   at System.Net.Sockets.Socket.AwaitableSocketAsyncEventArgs.System.Threading.Tasks.Sources.IValueTaskSource<System.Int32>.GetResult(Int16 token)
   at System.Net.Security.SslStream.EnsureFullTlsFrameAsync[TIOAdapter](CancellationToken cancellationToken, Int32 estimatedSize)
   at System.Runtime.CompilerServices.PoolingAsyncValueTaskMethodBuilder`1.StateMachineBox`1.System.Threading.Tasks.Sources.IValueTaskSource<TResult>.GetResult(Int16 token)
   at System.Net.Security.SslStream.ReadAsyncInternal[TIOAdapter](Memory`1 buffer, CancellationToken cancellationToken)
   at System.Runtime.CompilerServices.PoolingAsyncValueTaskMethodBuilder`1.StateMachineBox`1.System.Threading.Tasks.Sources.IValueTaskSource<TResult>.GetResult(Int16 token)
   at System.Net.Http.HttpConnection.SendAsync(HttpRequestMessage request, Boolean async, CancellationToken cancellationToken)
[2026-03-03 08:08:25Z ERR  BrokerServer] #####################################################
[2026-03-03 08:08:25Z ERR  BrokerServer] System.Net.Sockets.SocketException (995): The I/O operation has been aborted because of either a thread exit or an application request.
[2026-03-03 08:08:25Z WARN BrokerServer] Back off 10.461 seconds before next retry. 4 attempt left.
[2026-03-03 08:08:25Z INFO BrokerMessageListener] Get messages has been cancelled using local token source. Continue to get messages with new status.
[2026-03-03 08:37:59Z INFO BrokerMessageListener] Acknowledging runner request 'b0c7a001-5671-536e-8bd6-19fc7f235f99'.
[2026-03-03 08:37:59Z INFO ConfigurationStore] HasCredentials()
[2026-03-03 08:37:59Z INFO ConfigurationStore] stored True
[2026-03-03 08:37:59Z INFO CredentialManager] GetCredentialProvider
[2026-03-03 08:37:59Z INFO CredentialManager] Creating type OAuth
[2026-03-03 08:37:59Z INFO CredentialManager] Creating credential type: OAuth
[2026-03-03 08:37:59Z INFO RSAEncryptedFileKeyManager] Loading RSA key parameters from file C:\Users\farzalino.heryadi\conjur-policies\actions-runner\.credentials_rsaparams
[2026-03-03 08:37:59Z INFO RSAEncryptedFileKeyManager] Loading RSA key parameters from file C:\Users\farzalino.heryadi\conjur-policies\actions-runner\.credentials_rsaparams
[2026-03-03 08:37:59Z INFO RSAEncryptedFileKeyManager] Loading RSA key parameters from file C:\Users\farzalino.heryadi\conjur-policies\actions-runner\.credentials_rsaparams
[2026-03-03 08:38:00Z INFO GitHubActionsService] AAD Correlation ID for this token request: Unknown
[2026-03-03 08:38:01Z INFO JobDispatcher] Job request 0 for plan f410ae00-c3d0-4c2d-aeb5-f9cb9c139af2 job b0c7a001-5671-536e-8bd6-19fc7f235f99 received.
[2026-03-03 08:38:01Z INFO JobDispatcher] Pull OrchestrationId f410ae00-c3d0-4c2d-aeb5-f9cb9c139af2.deploy.__default from JWT claims
[2026-03-03 08:38:01Z INFO BrokerMessageListener] Received job status event. JobState: Busy
[2026-03-03 08:38:01Z INFO BrokerMessageListener] _getMessagesTokenSource is already disposed.
[2026-03-03 08:38:01Z INFO JobDispatcher] Job request a0b39655-dc0a-55b9-ad81-bf206b46e3d5 processed succeed.
[2026-03-03 08:38:01Z INFO Terminal] WRITE LINE: 2026-03-03 08:38:01Z: Running job: deploy
[2026-03-03 08:38:01Z INFO JobDispatcher] Start renew job request 0 for job b0c7a001-5671-536e-8bd6-19fc7f235f99.
[2026-03-03 08:38:02Z INFO JobDispatcher] Successfully renew job b0c7a001-5671-536e-8bd6-19fc7f235f99, job is valid till 3/3/2026 8:48:03 AM
[2026-03-03 08:38:02Z INFO HostContext] Well known directory 'Bin': 'C:\Users\farzalino.heryadi\conjur-policies\actions-runner\bin'
[2026-03-03 08:38:02Z INFO ProcessInvokerWrapper] Starting process:
[2026-03-03 08:38:02Z INFO ProcessInvokerWrapper]   File name: 'C:\Users\farzalino.heryadi\conjur-policies\actions-runner\bin\Runner.Worker.exe'
[2026-03-03 08:38:02Z INFO ProcessInvokerWrapper]   Arguments: 'spawnclient 2628 2444'
[2026-03-03 08:38:02Z INFO ProcessInvokerWrapper]   Working directory: 'C:\Users\farzalino.heryadi\conjur-policies\actions-runner\bin'
[2026-03-03 08:38:02Z INFO ProcessInvokerWrapper]   Require exit code zero: 'False'
[2026-03-03 08:38:02Z INFO ProcessInvokerWrapper]   Encoding web name:  ; code page: ''
[2026-03-03 08:38:02Z INFO ProcessInvokerWrapper]   Force kill process on cancellation: 'True'
[2026-03-03 08:38:02Z INFO ProcessInvokerWrapper]   Redirected STDIN: 'False'
[2026-03-03 08:38:02Z INFO ProcessInvokerWrapper]   Persist current code page: 'False'
[2026-03-03 08:38:02Z INFO ProcessInvokerWrapper]   Keep redirected STDIN open: 'False'
[2026-03-03 08:38:02Z INFO ProcessInvokerWrapper]   High priority process: 'True'
[2026-03-03 08:38:02Z INFO ProcessInvokerWrapper] Process started with process id 4296, waiting for process exit.
[2026-03-03 08:38:02Z INFO JobDispatcher] Send job request message to worker for job b0c7a001-5671-536e-8bd6-19fc7f235f99.
[2026-03-03 08:38:02Z INFO ProcessChannel] Sending message of length 20515, with hash '41deb2767c4d232e8ce0821081dfcc9dd3fc16eabb2a5d72aa587c90938c78b4'
[2026-03-03 08:38:02Z INFO JobNotification] Entering JobStarted Notification
[2026-03-03 08:38:02Z INFO JobNotification] Entering StartMonitor
[2026-03-03 08:39:02Z INFO JobDispatcher] Successfully renew job b0c7a001-5671-536e-8bd6-19fc7f235f99, job is valid till 3/3/2026 8:49:04 AM
[2026-03-03 08:39:04Z INFO ProcessInvokerWrapper] STDOUT/STDERR stream read finished.
[2026-03-03 08:39:04Z INFO ProcessInvokerWrapper] STDOUT/STDERR stream read finished.
[2026-03-03 08:39:04Z INFO ProcessInvokerWrapper] Finished process 4296 with exit code 102, and elapsed time 00:01:02.2090020.
[2026-03-03 08:39:04Z INFO JobDispatcher] Worker finished for job b0c7a001-5671-536e-8bd6-19fc7f235f99. Code: 102
[2026-03-03 08:39:04Z INFO JobDispatcher] finish job request for job b0c7a001-5671-536e-8bd6-19fc7f235f99 with result: Failed
[2026-03-03 08:39:04Z INFO Terminal] WRITE LINE: 2026-03-03 08:39:04Z: Job deploy completed with result: Failed
[2026-03-03 08:39:04Z INFO JobDispatcher] Stop renew job request for job b0c7a001-5671-536e-8bd6-19fc7f235f99.
[2026-03-03 08:39:04Z INFO JobDispatcher] job renew has been cancelled, stop renew job b0c7a001-5671-536e-8bd6-19fc7f235f99.
[2026-03-03 08:39:04Z INFO JobNotification] Entering JobCompleted Notification
[2026-03-03 08:39:04Z INFO JobNotification] Entering EndMonitor
[2026-03-03 08:39:04Z INFO BrokerMessageListener] Received job status event. JobState: Online
[2026-03-03 08:39:04Z WARN GitHubActionsService] GET request to https://broker.actions.githubusercontent.com/message?sessionId=c36e3b78-0453-486c-8592-63abc37759f1&status=Busy&runnerVersion=2.332.0&os=Windows&architecture=X64&disableUpdate=false has been cancelled.
[2026-03-03 08:39:04Z ERR  BrokerServer] Catch exception during request
[2026-03-03 08:39:04Z ERR  BrokerServer] System.Threading.Tasks.TaskCanceledException: The operation was canceled.
 ---> System.Threading.Tasks.TaskCanceledException: The operation was canceled.
 ---> System.IO.IOException: Unable to read data from the transport connection: The I/O operation has been aborted because of either a thread exit or an application request..
 ---> System.Net.Sockets.SocketException (995): The I/O operation has been aborted because of either a thread exit or an application request.
   --- End of inner exception stack trace ---
   at System.Net.Sockets.Socket.AwaitableSocketAsyncEventArgs.ThrowException(SocketError error, CancellationToken cancellationToken)
   at System.Net.Sockets.Socket.AwaitableSocketAsyncEventArgs.System.Threading.Tasks.Sources.IValueTaskSource<System.Int32>.GetResult(Int16 token)
   at System.Net.Security.SslStream.EnsureFullTlsFrameAsync[TIOAdapter](CancellationToken cancellationToken, Int32 estimatedSize)
   at System.Runtime.CompilerServices.PoolingAsyncValueTaskMethodBuilder`1.StateMachineBox`1.System.Threading.Tasks.Sources.IValueTaskSource<TResult>.GetResult(Int16 token)
   at System.Net.Security.SslStream.ReadAsyncInternal[TIOAdapter](Memory`1 buffer, CancellationToken cancellationToken)
   at System.Runtime.CompilerServices.PoolingAsyncValueTaskMethodBuilder`1.StateMachineBox`1.System.Threading.Tasks.Sources.IValueTaskSource<TResult>.GetResult(Int16 token)
   at System.Net.Http.HttpConnection.SendAsync(HttpRequestMessage request, Boolean async, CancellationToken cancellationToken)
   --- End of inner exception stack trace ---
   at System.Net.Http.HttpConnection.SendAsync(HttpRequestMessage request, Boolean async, CancellationToken cancellationToken)
   at System.Net.Http.AuthenticationHelper.SendWithNtAuthAsync(HttpRequestMessage request, Uri authUri, Boolean async, ICredentials credentials, Boolean isProxyAuth, HttpConnection connection, HttpConnectionPool connectionPool, CancellationToken cancellationToken)
   at System.Net.Http.HttpConnectionPool.SendWithVersionDetectionAndRetryAsync(HttpRequestMessage request, Boolean async, Boolean doRequestAuth, CancellationToken cancellationToken)
   at System.Net.Http.AuthenticationHelper.SendWithAuthAsync(HttpRequestMessage request, Uri authUri, Boolean async, ICredentials credentials, Boolean preAuthenticate, Boolean isProxyAuth, Boolean doRequestAuth, HttpConnectionPool pool, CancellationToken cancellationToken)
   at System.Net.Http.RedirectHandler.SendAsync(HttpRequestMessage request, Boolean async, CancellationToken cancellationToken)
   at GitHub.Services.Common.RawHttpMessageHandler.SendAsync(HttpRequestMessage request, CancellationToken cancellationToken)
   at GitHub.Services.Common.VssHttpRetryMessageHandler.SendAsync(HttpRequestMessage request, CancellationToken cancellationToken)
   at System.Net.Http.HttpClient.<SendAsync>g__Core|83_0(HttpRequestMessage request, HttpCompletionOption completionOption, CancellationTokenSource cts, Boolean disposeCts, CancellationTokenSource pendingRequestsCts, CancellationToken originalCancellationToken)
   --- End of inner exception stack trace ---
   at System.Net.Http.HttpClient.HandleFailure(Exception e, Boolean telemetryStarted, HttpResponseMessage response, CancellationTokenSource cts, CancellationToken cancellationToken, CancellationTokenSource pendingRequestsCts)
   at System.Net.Http.HttpClient.<SendAsync>g__Core|83_0(HttpRequestMessage request, HttpCompletionOption completionOption, CancellationTokenSource cts, Boolean disposeCts, CancellationTokenSource pendingRequestsCts, CancellationToken originalCancellationToken)
   at Sdk.WebApi.WebApi.RawHttpClientBase.SendAsync(HttpRequestMessage message, HttpCompletionOption completionOption, Object userState, CancellationToken cancellationToken)
   at Sdk.WebApi.WebApi.RawHttpClientBase.SendAsync[T](HttpRequestMessage message, Boolean readErrorBody, Object userState, CancellationToken cancellationToken)
   at Sdk.WebApi.WebApi.RawHttpClientBase.SendAsync[T](HttpMethod method, IEnumerable`1 additionalHeaders, Uri requestUri, HttpContent content, IEnumerable`1 queryParameters, Boolean readErrorBody, Object userState, CancellationToken cancellationToken)
   at GitHub.Actions.RunService.WebApi.BrokerHttpClient.GetRunnerMessageAsync(Nullable`1 sessionId, String runnerVersion, Nullable`1 status, String os, String architecture, Nullable`1 disableUpdate, CancellationToken cancellationToken)
   at GitHub.Runner.Common.BrokerServer.<>c__DisplayClass7_0.<<GetRunnerMessageAsync>b__0>d.MoveNext()
--- End of stack trace from previous location ---
   at GitHub.Runner.Common.RunnerService.RetryRequest[T](Func`1 func, CancellationToken cancellationToken, Int32 maxAttempts, Func`2 shouldRetry)
[2026-03-03 08:39:04Z ERR  BrokerServer] #####################################################
[2026-03-03 08:39:04Z ERR  BrokerServer] System.Threading.Tasks.TaskCanceledException: The operation was canceled.
 ---> System.IO.IOException: Unable to read data from the transport connection: The I/O operation has been aborted because of either a thread exit or an application request..
 ---> System.Net.Sockets.SocketException (995): The I/O operation has been aborted because of either a thread exit or an application request.
   --- End of inner exception stack trace ---
   at System.Net.Sockets.Socket.AwaitableSocketAsyncEventArgs.ThrowException(SocketError error, CancellationToken cancellationToken)
   at System.Net.Sockets.Socket.AwaitableSocketAsyncEventArgs.System.Threading.Tasks.Sources.IValueTaskSource<System.Int32>.GetResult(Int16 token)
   at System.Net.Security.SslStream.EnsureFullTlsFrameAsync[TIOAdapter](CancellationToken cancellationToken, Int32 estimatedSize)
   at System.Runtime.CompilerServices.PoolingAsyncValueTaskMethodBuilder`1.StateMachineBox`1.System.Threading.Tasks.Sources.IValueTaskSource<TResult>.GetResult(Int16 token)
   at System.Net.Security.SslStream.ReadAsyncInternal[TIOAdapter](Memory`1 buffer, CancellationToken cancellationToken)
   at System.Runtime.CompilerServices.PoolingAsyncValueTaskMethodBuilder`1.StateMachineBox`1.System.Threading.Tasks.Sources.IValueTaskSource<TResult>.GetResult(Int16 token)
   at System.Net.Http.HttpConnection.SendAsync(HttpRequestMessage request, Boolean async, CancellationToken cancellationToken)
   --- End of inner exception stack trace ---
   at System.Net.Http.HttpConnection.SendAsync(HttpRequestMessage request, Boolean async, CancellationToken cancellationToken)
   at System.Net.Http.AuthenticationHelper.SendWithNtAuthAsync(HttpRequestMessage request, Uri authUri, Boolean async, ICredentials credentials, Boolean isProxyAuth, HttpConnection connection, HttpConnectionPool connectionPool, CancellationToken cancellationToken)
   at System.Net.Http.HttpConnectionPool.SendWithVersionDetectionAndRetryAsync(HttpRequestMessage request, Boolean async, Boolean doRequestAuth, CancellationToken cancellationToken)
   at System.Net.Http.AuthenticationHelper.SendWithAuthAsync(HttpRequestMessage request, Uri authUri, Boolean async, ICredentials credentials, Boolean preAuthenticate, Boolean isProxyAuth, Boolean doRequestAuth, HttpConnectionPool pool, CancellationToken cancellationToken)
   at System.Net.Http.RedirectHandler.SendAsync(HttpRequestMessage request, Boolean async, CancellationToken cancellationToken)
   at GitHub.Services.Common.RawHttpMessageHandler.SendAsync(HttpRequestMessage request, CancellationToken cancellationToken)
   at GitHub.Services.Common.VssHttpRetryMessageHandler.SendAsync(HttpRequestMessage request, CancellationToken cancellationToken)
   at System.Net.Http.HttpClient.<SendAsync>g__Core|83_0(HttpRequestMessage request, HttpCompletionOption completionOption, CancellationTokenSource cts, Boolean disposeCts, CancellationTokenSource pendingRequestsCts, CancellationToken originalCancellationToken)
[2026-03-03 08:39:04Z ERR  BrokerServer] #####################################################
[2026-03-03 08:39:04Z ERR  BrokerServer] System.IO.IOException: Unable to read data from the transport connection: The I/O operation has been aborted because of either a thread exit or an application request..
 ---> System.Net.Sockets.SocketException (995): The I/O operation has been aborted because of either a thread exit or an application request.
   --- End of inner exception stack trace ---
   at System.Net.Sockets.Socket.AwaitableSocketAsyncEventArgs.ThrowException(SocketError error, CancellationToken cancellationToken)
   at System.Net.Sockets.Socket.AwaitableSocketAsyncEventArgs.System.Threading.Tasks.Sources.IValueTaskSource<System.Int32>.GetResult(Int16 token)
   at System.Net.Security.SslStream.EnsureFullTlsFrameAsync[TIOAdapter](CancellationToken cancellationToken, Int32 estimatedSize)
   at System.Runtime.CompilerServices.PoolingAsyncValueTaskMethodBuilder`1.StateMachineBox`1.System.Threading.Tasks.Sources.IValueTaskSource<TResult>.GetResult(Int16 token)
   at System.Net.Security.SslStream.ReadAsyncInternal[TIOAdapter](Memory`1 buffer, CancellationToken cancellationToken)
   at System.Runtime.CompilerServices.PoolingAsyncValueTaskMethodBuilder`1.StateMachineBox`1.System.Threading.Tasks.Sources.IValueTaskSource<TResult>.GetResult(Int16 token)
   at System.Net.Http.HttpConnection.SendAsync(HttpRequestMessage request, Boolean async, CancellationToken cancellationToken)
[2026-03-03 08:39:04Z ERR  BrokerServer] #####################################################
[2026-03-03 08:39:04Z ERR  BrokerServer] System.Net.Sockets.SocketException (995): The I/O operation has been aborted because of either a thread exit or an application request.
[2026-03-03 08:39:04Z WARN BrokerServer] Back off 8.117 seconds before next retry. 4 attempt left.
[2026-03-03 08:39:04Z INFO BrokerMessageListener] Get messages has been cancelled using local token source. Continue to get messages with new status.
